# JRE version: OpenJDK Runtime Environment (17.0.6) (build 17.0.6+0-b2043.56-10027231)
# Java VM: OpenJDK 64-Bit Server VM (17.0.6+0-b2043.56-10027231, mixed mode, tiered, compressed oops, compressed class ptrs, g1 gc, windows-amd64)
GC Precious Log:
 CPUs: 4 total, 4 available
 Memory: 4004M
 Large Page Support: Disabled
 NUMA Support: Disabled
 Compressed Oops: Enabled (32-bit)
 Heap Region Size: 1M
 Heap Min Capacity: 8M
 Heap Initial Capacity: 64M
 Heap Max Capacity: 2G
 Pre-touch: Disabled
 Parallel Workers: 4
 Concurrent Workers: 1
 Concurrent Refinement Workers: 4
 Periodic GC: Disabled
Heap:
 garbage-first heap   total 253952K, used 205267K [0x0000000080000000, 0x0000000100000000)
  region size 1024K, 53 young (54272K), 8 survivors (8192K)
 Metaspace       used 136624K, committed 137408K, reserved 1171456K
  class space    used 17529K, committed 17920K, reserved 1048576K
GC Heap History (20 events):
Event: 32.973 GC heap before
{Heap before GC invocations=30 (full 0):
 garbage-first heap   total 253952K, used 122374K [0x0000000080000000, 0x0000000100000000)
  region size 1024K, 21 young (21504K), 7 survivors (7168K)
 Metaspace       used 91986K, committed 92608K, reserved 1130496K
  class space    used 12066K, committed 12352K, reserved 1048576K
}
Event: 32.997 GC heap after
{Heap after GC invocations=31 (full 0):
 garbage-first heap   total 253952K, used 109338K [0x0000000080000000, 0x0000000100000000)
  region size 1024K, 7 young (7168K), 7 survivors (7168K)
 Metaspace       used 91986K, committed 92608K, reserved 1130496K
  class space    used 12066K, committed 12352K, reserved 1048576K
}
Event: 37.800 GC heap before
{Heap before GC invocations=32 (full 0):
 garbage-first heap   total 253952K, used 204570K [0x0000000080000000, 0x0000000100000000)
  region size 1024K, 100 young (102400K), 7 survivors (7168K)
 Metaspace       used 105644K, committed 106304K, reserved 1146880K
  class space    used 13664K, committed 13952K, reserved 1048576K
}
Event: 37.849 GC heap after
{Heap after GC invocations=33 (full 0):
 garbage-first heap   total 253952K, used 114310K [0x0000000080000000, 0x0000000100000000)
  region size 1024K, 6 young (6144K), 6 survivors (6144K)
 Metaspace       used 105644K, committed 106304K, reserved 1146880K
  class space    used 13664K, committed 13952K, reserved 1048576K
}
Event: 38.329 GC heap before
{Heap before GC invocations=33 (full 0):
 garbage-first heap   total 253952K, used 119430K [0x0000000080000000, 0x0000000100000000)
  region size 1024K, 12 young (12288K), 6 survivors (6144K)
 Metaspace       used 106608K, committed 107200K, reserved 1146880K
  class space    used 13761K, committed 14016K, reserved 1048576K
}
Event: 38.363 GC heap after
{Heap after GC invocations=34 (full 0):
 garbage-first heap   total 253952K, used 114124K [0x0000000080000000, 0x0000000100000000)
  region size 1024K, 1 young (1024K), 1 survivors (1024K)
 Metaspace       used 106608K, committed 107200K, reserved 1146880K
  class space    used 13761K, committed 14016K, reserved 1048576K
}
Event: 41.550 GC heap before
{Heap before GC invocations=34 (full 0):
 garbage-first heap   total 253952K, used 208332K [0x0000000080000000, 0x0000000100000000)
  region size 1024K, 92 young (94208K), 1 survivors (1024K)
 Metaspace       used 109586K, committed 110208K, reserved 1146880K
  class space    used 14060K, committed 14336K, reserved 1048576K
}
Event: 41.574 GC heap after
{Heap after GC invocations=35 (full 0):
 garbage-first heap   total 253952K, used 121979K [0x0000000080000000, 0x0000000100000000)
  region size 1024K, 9 young (9216K), 9 survivors (9216K)
 Metaspace       used 109586K, committed 110208K, reserved 1146880K
  class space    used 14060K, committed 14336K, reserved 1048576K
}
Event: 49.752 GC heap before
{Heap before GC invocations=36 (full 0):
 garbage-first heap   total 253952K, used 204923K [0x0000000080000000, 0x0000000100000000)
  region size 1024K, 91 young (93184K), 9 survivors (9216K)
 Metaspace       used 119259K, committed 119936K, reserved 1155072K
  class space    used 15393K, committed 15680K, reserved 1048576K
}
Event: 49.779 GC heap after
{Heap after GC invocations=37 (full 0):
 garbage-first heap   total 253952K, used 120906K [0x0000000080000000, 0x0000000100000000)
  region size 1024K, 7 young (7168K), 7 survivors (7168K)
 Metaspace       used 119259K, committed 119936K, reserved 1155072K
  class space    used 15393K, committed 15680K, reserved 1048576K
}
Event: 51.266 GC heap before
{Heap before GC invocations=37 (full 0):
 garbage-first heap   total 253952K, used 125002K [0x0000000080000000, 0x0000000100000000)
  region size 1024K, 12 young (12288K), 7 survivors (7168K)
 Metaspace       used 119583K, committed 120256K, reserved 1155072K
  class space    used 15429K, committed 15744K, reserved 1048576K
}
Event: 51.303 GC heap after
{Heap after GC invocations=38 (full 0):
 garbage-first heap   total 253952K, used 120547K [0x0000000080000000, 0x0000000100000000)
  region size 1024K, 1 young (1024K), 1 survivors (1024K)
 Metaspace       used 119583K, committed 120256K, reserved 1155072K
  class space    used 15429K, committed 15744K, reserved 1048576K
}
Event: 63.996 GC heap before
{Heap before GC invocations=38 (full 0):
 garbage-first heap   total 253952K, used 211683K [0x0000000080000000, 0x0000000100000000)
  region size 1024K, 85 young (87040K), 1 survivors (1024K)
 Metaspace       used 128977K, committed 129792K, reserved 1163264K
  class space    used 16650K, committed 17024K, reserved 1048576K
}
Event: 64.013 GC heap after
{Heap after GC invocations=39 (full 0):
 garbage-first heap   total 253952K, used 134357K [0x0000000080000000, 0x0000000100000000)
  region size 1024K, 11 young (11264K), 11 survivors (11264K)
 Metaspace       used 128977K, committed 129792K, reserved 1163264K
  class space    used 16650K, committed 17024K, reserved 1048576K
}
Event: 67.905 GC heap before
{Heap before GC invocations=39 (full 0):
 garbage-first heap   total 253952K, used 209109K [0x0000000080000000, 0x0000000100000000)
  region size 1024K, 80 young (81920K), 11 survivors (11264K)
 Metaspace       used 133371K, committed 134208K, reserved 1171456K
  class space    used 17218K, committed 17600K, reserved 1048576K
}
Event: 67.942 GC heap after
{Heap after GC invocations=40 (full 0):
 garbage-first heap   total 253952K, used 140870K [0x0000000080000000, 0x0000000100000000)
  region size 1024K, 8 young (8192K), 8 survivors (8192K)
 Metaspace       used 133371K, committed 134208K, reserved 1171456K
  class space    used 17218K, committed 17600K, reserved 1048576K
}
Event: 68.735 GC heap before
{Heap before GC invocations=40 (full 0):
 garbage-first heap   total 253952K, used 208454K [0x0000000080000000, 0x0000000100000000)
  region size 1024K, 73 young (74752K), 8 survivors (8192K)
 Metaspace       used 133494K, committed 134272K, reserved 1171456K
  class space    used 17221K, committed 17600K, reserved 1048576K
}
Event: 68.771 GC heap after
{Heap after GC invocations=41 (full 0):
 garbage-first heap   total 253952K, used 152355K [0x0000000080000000, 0x0000000100000000)
  region size 1024K, 10 young (10240K), 10 survivors (10240K)
 Metaspace       used 133494K, committed 134272K, reserved 1171456K
  class space    used 17221K, committed 17600K, reserved 1048576K
}
Event: 72.027 GC heap before
{Heap before GC invocations=41 (full 0):
 garbage-first heap   total 253952K, used 207651K [0x0000000080000000, 0x0000000100000000)
  region size 1024K, 64 young (65536K), 10 survivors (10240K)
 Metaspace       used 133979K, committed 134720K, reserved 1171456K
  class space    used 17246K, committed 17600K, reserved 1048576K
}
Event: 72.060 GC heap after
{Heap after GC invocations=42 (full 0):
 garbage-first heap   total 253952K, used 160211K [0x0000000080000000, 0x0000000100000000)
  region size 1024K, 8 young (8192K), 8 survivors (8192K)
 Metaspace       used 133979K, committed 134720K, reserved 1171456K
  class space    used 17246K, committed 17600K, reserved 1048576K
}

