# JRE version: OpenJDK Runtime Environment (17.0.6) (build 17.0.6+0-b2043.56-10027231)
# Java VM: OpenJDK 64-Bit Server VM (17.0.6+0-b2043.56-10027231, mixed mode, tiered, compressed oops, compressed class ptrs, g1 gc, windows-amd64)
GC Precious Log:
 CPUs: 4 total, 4 available
 Memory: 4004M
 Large Page Support: Disabled
 NUMA Support: Disabled
 Compressed Oops: Enabled (32-bit)
 Heap Region Size: 1M
 Heap Min Capacity: 8M
 Heap Initial Capacity: 64M
 Heap Max Capacity: 2G
 Pre-touch: Disabled
 Parallel Workers: 4
 Concurrent Workers: 1
 Concurrent Refinement Workers: 4
 Periodic GC: Disabled
Heap:
 garbage-first heap   total 182272K, used 107402K [0x0000000080000000, 0x0000000100000000)
  region size 1024K, 5 young (5120K), 5 survivors (5120K)
 Metaspace       used 85627K, committed 86208K, reserved 1130496K
  class space    used 11375K, committed 11648K, reserved 1048576K
GC Heap History (20 events):
Event: 112.647 GC heap after
{Heap after GC invocations=57 (full 0):
 garbage-first heap   total 147456K, used 68514K [0x0000000080000000, 0x0000000100000000)
  region size 1024K, 4 young (4096K), 4 survivors (4096K)
 Metaspace       used 46936K, committed 47360K, reserved 1097728K
  class space    used 6169K, committed 6336K, reserved 1048576K
}
Event: 112.657 GC heap before
{Heap before GC invocations=57 (full 0):
 garbage-first heap   total 147456K, used 70562K [0x0000000080000000, 0x0000000100000000)
  region size 1024K, 7 young (7168K), 4 survivors (4096K)
 Metaspace       used 46936K, committed 47360K, reserved 1097728K
  class space    used 6169K, committed 6336K, reserved 1048576K
}
Event: 112.662 GC heap after
{Heap after GC invocations=58 (full 0):
 garbage-first heap   total 182272K, used 68004K [0x0000000080000000, 0x0000000100000000)
  region size 1024K, 1 young (1024K), 1 survivors (1024K)
 Metaspace       used 46936K, committed 47360K, reserved 1097728K
  class space    used 6169K, committed 6336K, reserved 1048576K
}
Event: 116.232 GC heap before
{Heap before GC invocations=58 (full 0):
 garbage-first heap   total 182272K, used 151972K [0x0000000080000000, 0x0000000100000000)
  region size 1024K, 81 young (82944K), 1 survivors (1024K)
 Metaspace       used 52235K, committed 52672K, reserved 1097728K
  class space    used 6921K, committed 7104K, reserved 1048576K
}
Event: 116.270 GC heap after
{Heap after GC invocations=59 (full 0):
 garbage-first heap   total 182272K, used 71634K [0x0000000080000000, 0x0000000100000000)
  region size 1024K, 5 young (5120K), 5 survivors (5120K)
 Metaspace       used 52235K, committed 52672K, reserved 1097728K
  class space    used 6921K, committed 7104K, reserved 1048576K
}
Event: 117.219 GC heap before
{Heap before GC invocations=59 (full 0):
 garbage-first heap   total 182272K, used 150482K [0x0000000080000000, 0x0000000100000000)
  region size 1024K, 83 young (84992K), 5 survivors (5120K)
 Metaspace       used 52236K, committed 52672K, reserved 1097728K
  class space    used 6921K, committed 7104K, reserved 1048576K
}
Event: 117.237 GC heap after
{Heap after GC invocations=60 (full 0):
 garbage-first heap   total 182272K, used 72039K [0x0000000080000000, 0x0000000100000000)
  region size 1024K, 5 young (5120K), 5 survivors (5120K)
 Metaspace       used 52236K, committed 52672K, reserved 1097728K
  class space    used 6921K, committed 7104K, reserved 1048576K
}
Event: 118.639 GC heap before
{Heap before GC invocations=60 (full 0):
 garbage-first heap   total 182272K, used 157031K [0x0000000080000000, 0x0000000100000000)
  region size 1024K, 86 young (88064K), 5 survivors (5120K)
 Metaspace       used 52327K, committed 52736K, reserved 1097728K
  class space    used 6921K, committed 7104K, reserved 1048576K
}
Event: 118.655 GC heap after
{Heap after GC invocations=61 (full 0):
 garbage-first heap   total 182272K, used 76588K [0x0000000080000000, 0x0000000100000000)
  region size 1024K, 6 young (6144K), 6 survivors (6144K)
 Metaspace       used 52327K, committed 52736K, reserved 1097728K
  class space    used 6921K, committed 7104K, reserved 1048576K
}
Event: 123.894 GC heap before
{Heap before GC invocations=61 (full 0):
 garbage-first heap   total 182272K, used 155436K [0x0000000080000000, 0x0000000100000000)
  region size 1024K, 83 young (84992K), 6 survivors (6144K)
 Metaspace       used 55618K, committed 56192K, reserved 1105920K
  class space    used 7252K, committed 7488K, reserved 1048576K
}
Event: 123.919 GC heap after
{Heap after GC invocations=62 (full 0):
 garbage-first heap   total 182272K, used 79715K [0x0000000080000000, 0x0000000100000000)
  region size 1024K, 9 young (9216K), 9 survivors (9216K)
 Metaspace       used 55618K, committed 56192K, reserved 1105920K
  class space    used 7252K, committed 7488K, reserved 1048576K
}
Event: 128.655 GC heap before
{Heap before GC invocations=62 (full 0):
 garbage-first heap   total 182272K, used 154467K [0x0000000080000000, 0x0000000100000000)
  region size 1024K, 82 young (83968K), 9 survivors (9216K)
 Metaspace       used 65825K, committed 66432K, reserved 1114112K
  class space    used 9124K, committed 9344K, reserved 1048576K
}
Event: 128.685 GC heap after
{Heap after GC invocations=63 (full 0):
 garbage-first heap   total 182272K, used 83399K [0x0000000080000000, 0x0000000100000000)
  region size 1024K, 9 young (9216K), 9 survivors (9216K)
 Metaspace       used 65825K, committed 66432K, reserved 1114112K
  class space    used 9124K, committed 9344K, reserved 1048576K
}
Event: 142.762 GC heap before
{Heap before GC invocations=63 (full 0):
 garbage-first heap   total 182272K, used 141767K [0x0000000080000000, 0x0000000100000000)
  region size 1024K, 63 young (64512K), 9 survivors (9216K)
 Metaspace       used 74765K, committed 75328K, reserved 1114112K
  class space    used 10242K, committed 10496K, reserved 1048576K
}
Event: 142.790 GC heap after
{Heap after GC invocations=64 (full 0):
 garbage-first heap   total 182272K, used 88674K [0x0000000080000000, 0x0000000100000000)
  region size 1024K, 5 young (5120K), 5 survivors (5120K)
 Metaspace       used 74765K, committed 75328K, reserved 1114112K
  class space    used 10242K, committed 10496K, reserved 1048576K
}
Event: 146.013 GC heap before
{Heap before GC invocations=65 (full 0):
 garbage-first heap   total 182272K, used 159330K [0x0000000080000000, 0x0000000100000000)
  region size 1024K, 70 young (71680K), 5 survivors (5120K)
 Metaspace       used 78921K, committed 79552K, reserved 1122304K
  class space    used 10736K, committed 11008K, reserved 1048576K
}
Event: 146.063 GC heap after
{Heap after GC invocations=66 (full 0):
 garbage-first heap   total 182272K, used 97089K [0x0000000080000000, 0x0000000100000000)
  region size 1024K, 9 young (9216K), 9 survivors (9216K)
 Metaspace       used 78921K, committed 79552K, reserved 1122304K
  class space    used 10736K, committed 11008K, reserved 1048576K
}
Event: 146.095 GC heap before
{Heap before GC invocations=66 (full 0):
 garbage-first heap   total 182272K, used 98113K [0x0000000080000000, 0x0000000100000000)
  region size 1024K, 10 young (10240K), 9 survivors (9216K)
 Metaspace       used 78947K, committed 79616K, reserved 1122304K
  class space    used 10736K, committed 11008K, reserved 1048576K
}
Event: 146.119 GC heap after
{Heap after GC invocations=67 (full 0):
 garbage-first heap   total 182272K, used 97033K [0x0000000080000000, 0x0000000100000000)
  region size 1024K, 1 young (1024K), 1 survivors (1024K)
 Metaspace       used 78947K, committed 79616K, reserved 1122304K
  class space    used 10736K, committed 11008K, reserved 1048576K
}
Event: 150.971 GC heap before
{Heap before GC invocations=67 (full 0):
 garbage-first heap   total 182272K, used 156425K [0x0000000080000000, 0x0000000100000000)
  region size 1024K, 53 young (54272K), 1 survivors (1024K)
 Metaspace       used 85627K, committed 86208K, reserved 1130496K
  class space    used 11375K, committed 11648K, reserved 1048576K
}

